<?xml version="1.0" encoding="UTF-8"?>
<!-- Generated by org.testng.reporters.JUnitReportReporter -->
<testsuite hostname="Computer" name="demo.ConverterTest" tests="3" failures="0" timestamp="17 Mar 2016 19:18:40 GMT" time="0.151" errors="0">
  <testcase name="convertI16HexTest" time="0.122" classname="demo.ConverterTest"/>
  <testcase name="convertI8HexTest" time="0.009" classname="demo.ConverterTest"/>
  <testcase name="convertI32HexTest" time="0.020" classname="demo.ConverterTest"/>
</testsuite> <!-- demo.ConverterTest -->
