<?xml version="1.0" encoding="UTF-8"?>
<!-- Generated by org.testng.reporters.JUnitReportReporter -->
<testsuite hostname="Computer" name="demo.RowTest" tests="6" failures="0" timestamp="17 Mar 2016 19:18:40 GMT" time="0.001" errors="0">
  <testcase name="constructorTest" time="0.000" classname="demo.RowTest"/>
  <testcase name="wrongCharsConstructorTest" time="0.000" classname="demo.RowTest"/>
  <testcase name="noColonConstructorTest" time="0.001" classname="demo.RowTest"/>
  <testcase name="getUnsigned8BitTest" time="0.000" classname="demo.RowTest"/>
  <testcase name="getUnsigned16BitTest" time="0.000" classname="demo.RowTest"/>
  <testcase name="oddCharsNumberConstructorTest" time="0.000" classname="demo.RowTest"/>
</testsuite> <!-- demo.RowTest -->
