<?xml version="1.0" encoding="UTF-8"?>
<!-- Generated by org.testng.reporters.JUnitReportReporter -->
<testsuite hostname="Computer" name="demo.MemoryTest" tests="1" failures="0" timestamp="17 Mar 2016 19:18:40 GMT" time="0.001" errors="0">
  <testcase name="memoryTest" time="0.001" classname="demo.MemoryTest"/>
</testsuite> <!-- demo.MemoryTest -->
