<?xml version="1.0" encoding="UTF-8"?>
<!-- Generated by org.testng.reporters.JUnitReportReporter -->
<testsuite hostname="Computer" name="demo.RecordTypeTest" tests="2" failures="0" timestamp="17 Mar 2016 19:18:40 GMT" time="0.000" errors="0">
  <testcase name="codeFailureTest" time="0.000" classname="demo.RecordTypeTest"/>
  <testcase name="valuesTest" time="0.000" classname="demo.RecordTypeTest"/>
</testsuite> <!-- demo.RecordTypeTest -->
