<?xml version="1.0" encoding="UTF-8"?>
<!-- Generated by org.testng.reporters.JUnitReportReporter -->
<testsuite hostname="Computer" name="demo.FileNameTest" tests="5" failures="0" timestamp="17 Mar 2016 19:18:40 GMT" time="0.001" errors="0">
  <testcase name="noNameFailureTest" time="0.000" classname="demo.FileNameTest"/>
  <testcase name="noExtensionFailureTest" time="0.000" classname="demo.FileNameTest"/>
  <testcase name="wrongExtensionFailureTest" time="0.000" classname="demo.FileNameTest"/>
  <testcase name="getBinFileNameTest" time="0.000" classname="demo.FileNameTest"/>
  <testcase name="emptyExtensionFailureTest" time="0.001" classname="demo.FileNameTest"/>
</testsuite> <!-- demo.FileNameTest -->
