<?xml version="1.0" encoding="UTF-8"?>
<!-- Generated by org.testng.reporters.JUnitReportReporter -->
<testsuite hostname="Computer" name="demo.RecordTest" tests="2" failures="0" timestamp="17 Mar 2016 19:18:40 GMT" time="0.001" errors="0">
  <testcase name="constructorTest" time="0.001" classname="demo.RecordTest"/>
  <testcase name="checksumFailureConstructorTest" time="0.000" classname="demo.RecordTest"/>
</testsuite> <!-- demo.RecordTest -->
