<?xml version="1.0" encoding="UTF-8"?>
<!-- Generated by org.testng.reporters.JUnitReportReporter -->
<testsuite hostname="Computer" name="demo.HexTest" tests="7" failures="0" timestamp="17 Mar 2016 19:18:40 GMT" time="0.002" errors="0">
  <testcase name="numberTo16BitHexStringOverflowTest" time="0.000" classname="demo.HexTest"/>
  <testcase name="numberTo8BitHexStringUnderflowTest" time="0.000" classname="demo.HexTest"/>
  <testcase name="numberTo16BitHexStringTest" time="0.001" classname="demo.HexTest"/>
  <testcase name="numberTo8BitHexStringTest" time="0.000" classname="demo.HexTest"/>
  <testcase name="arrayTo8BitHexStringTest" time="0.000" classname="demo.HexTest"/>
  <testcase name="numberTo8BitHexStringOverflowTest" time="0.001" classname="demo.HexTest"/>
  <testcase name="numberTo16BitHexStringUnderflowTest" time="0.000" classname="demo.HexTest"/>
</testsuite> <!-- demo.HexTest -->
