<?xml version="1.0" encoding="UTF-8" ?>
<testsuite tests="26" failures="0" name="TestSuite" time="0.148" errors="0" skipped="0">
  <properties>
    <property name="java.runtime.name" value="Java(TM) SE Runtime Environment"/>
    <property name="sun.boot.library.path" value="C:\Java\jdk1.8.0_73\jre\bin"/>
    <property name="java.vm.version" value="25.73-b02"/>
    <property name="java.vm.vendor" value="Oracle Corporation"/>
    <property name="java.vendor.url" value="http://java.oracle.com/"/>
    <property name="path.separator" value=";"/>
    <property name="guice.disable.misplaced.annotation.check" value="true"/>
    <property name="java.vm.name" value="Java HotSpot(TM) 64-Bit Server VM"/>
    <property name="file.encoding.pkg" value="sun.io"/>
    <property name="user.script" value=""/>
    <property name="user.country" value="RU"/>
    <property name="sun.java.launcher" value="SUN_STANDARD"/>
    <property name="sun.os.patch.level" value="Service Pack 1"/>
    <property name="java.vm.specification.name" value="Java Virtual Machine Specification"/>
    <property name="user.dir" value="D:\GitHub.1\intel-hex-to-bin.java"/>
    <property name="java.runtime.version" value="1.8.0_73-b02"/>
    <property name="java.awt.graphicsenv" value="sun.awt.Win32GraphicsEnvironment"/>
    <property name="java.endorsed.dirs" value="C:\Java\jdk1.8.0_73\jre\lib\endorsed"/>
    <property name="os.arch" value="amd64"/>
    <property name="java.io.tmpdir" value="C:\Users\Master\AppData\Local\Temp\"/>
    <property name="line.separator" value="
"/>
    <property name="java.vm.specification.vendor" value="Oracle Corporation"/>
    <property name="user.variant" value=""/>
    <property name="os.name" value="Windows 7"/>
    <property name="classworlds.conf" value="C:\Java\apache-maven-3.1.1\bin\m2.conf"/>
    <property name="sun.jnu.encoding" value="Cp1251"/>
    <property name="java.library.path" value="C:\Java\jdk1.8.0_73\bin;C:\Windows\Sun\Java\bin;C:\Windows\system32;C:\Windows;C:\ProgramData\Oracle\Java\javapath;C:\Program Files (x86)\Borland.7\Delphi7\Bin;C:\Program Files (x86)\Borland.7\Delphi7\Projects\Bpl\;C:\Program Files (x86)\AMD APP\bin\x86_64;C:\Program Files (x86)\AMD APP\bin\x86;C:\Windows\system32;C:\Windows;C:\Windows\System32\Wbem;C:\Windows\System32\WindowsPowerShell\v1.0\;C:\Program Files (x86)\ATI Technologies\ATI.ACE\Core-Static;D:\Go\bin;C:\Program Files (x86)\Calibre2\;C:\Program Files (x86)\Skype\Phone\;C:\scala\bin;C:\scala\scala-2.11.7\bin;C:\scala\sbt-0.13.9.2\\bin;C:\Java\jdk1.8.0_73\bin;C:\Java\apache-maven-3.1.1\bin;C:\Java\gradle-2.7\bin;D:\Home\Exe;D:\Go\go1.5\bin;C:\Program Files (x86)\Git\bin;D:\Go\go1.5\work\bin;C:\Java\groovy-2.4.6\bin;C:\Users\Public\Documents\RAD Studio\9.0\Bpl;C:\Program Files (x86)\Embarcadero\RAD Studio\9.0\bin;C:\Users\Master\AppData\Local\.meteor\;C:\scala\gatling-charts-highcharts-bundle-2.1.7\bin;;."/>
    <property name="java.specification.name" value="Java Platform API Specification"/>
    <property name="java.class.version" value="52.0"/>
    <property name="sun.management.compiler" value="HotSpot 64-Bit Tiered Compilers"/>
    <property name="os.version" value="6.1"/>
    <property name="user.home" value="C:\Users\Master"/>
    <property name="user.timezone" value="Europe/Minsk"/>
    <property name="java.awt.printerjob" value="sun.awt.windows.WPrinterJob"/>
    <property name="java.specification.version" value="1.8"/>
    <property name="file.encoding" value="Cp1251"/>
    <property name="user.name" value="Master"/>
    <property name="java.class.path" value="C:\Java\apache-maven-3.1.1\boot\plexus-classworlds-2.5.1.jar"/>
    <property name="org.slf4j.simpleLogger.defaultLogLevel" value="info"/>
    <property name="java.vm.specification.version" value="1.8"/>
    <property name="sun.arch.data.model" value="64"/>
    <property name="java.home" value="C:\Java\jdk1.8.0_73\jre"/>
    <property name="sun.java.command" value="org.codehaus.plexus.classworlds.launcher.Launcher clean test org.pitest:pitest-maven:mutationCoverage"/>
    <property name="java.specification.vendor" value="Oracle Corporation"/>
    <property name="user.language" value="ru"/>
    <property name="awt.toolkit" value="sun.awt.windows.WToolkit"/>
    <property name="java.vm.info" value="mixed mode"/>
    <property name="java.version" value="1.8.0_73"/>
    <property name="java.ext.dirs" value="C:\Java\jdk1.8.0_73\jre\lib\ext;C:\Windows\Sun\Java\lib\ext"/>
    <property name="sun.boot.class.path" value="C:\Java\jdk1.8.0_73\jre\lib\resources.jar;C:\Java\jdk1.8.0_73\jre\lib\rt.jar;C:\Java\jdk1.8.0_73\jre\lib\sunrsasign.jar;C:\Java\jdk1.8.0_73\jre\lib\jsse.jar;C:\Java\jdk1.8.0_73\jre\lib\jce.jar;C:\Java\jdk1.8.0_73\jre\lib\charsets.jar;C:\Java\jdk1.8.0_73\jre\lib\jfr.jar;C:\Java\jdk1.8.0_73\jre\classes"/>
    <property name="sun.stderr.encoding" value="cp866"/>
    <property name="java.vendor" value="Oracle Corporation"/>
    <property name="maven.home" value="C:\Java\apache-maven-3.1.1"/>
    <property name="file.separator" value="\"/>
    <property name="java.vendor.url.bug" value="http://bugreport.sun.com/bugreport/"/>
    <property name="sun.cpu.endian" value="little"/>
    <property name="sun.io.unicode.encoding" value="UnicodeLittle"/>
    <property name="sun.stdout.encoding" value="cp866"/>
    <property name="sun.desktop" value="windows"/>
    <property name="sun.cpu.isalist" value="amd64"/>
  </properties>
  <testcase classname="demo.ConverterTest" name="convertI16HexTest" time="0.123"/>
  <testcase classname="demo.ConverterTest" name="convertI32HexTest" time="0.016"/>
  <testcase classname="demo.ConverterTest" name="convertI8HexTest" time="0.008"/>
  <testcase classname="demo.FileNameTest" name="emptyExtensionFailureTest" time="0.001"/>
  <testcase classname="demo.FileNameTest" name="getBinFileNameTest" time="0"/>
  <testcase classname="demo.FileNameTest" name="noExtensionFailureTest" time="0"/>
  <testcase classname="demo.FileNameTest" name="noNameFailureTest" time="0"/>
  <testcase classname="demo.FileNameTest" name="wrongExtensionFailureTest" time="0"/>
  <testcase classname="demo.HexTest" name="arrayTo8BitHexStringTest" time="0"/>
  <testcase classname="demo.HexTest" name="numberTo16BitHexStringOverflowTest" time="0"/>
  <testcase classname="demo.HexTest" name="numberTo16BitHexStringTest" time="0"/>
  <testcase classname="demo.HexTest" name="numberTo16BitHexStringUnderflowTest" time="0"/>
  <testcase classname="demo.HexTest" name="numberTo8BitHexStringOverflowTest" time="0"/>
  <testcase classname="demo.HexTest" name="numberTo8BitHexStringTest" time="0"/>
  <testcase classname="demo.HexTest" name="numberTo8BitHexStringUnderflowTest" time="0"/>
  <testcase classname="demo.MemoryTest" name="memoryTest" time="0"/>
  <testcase classname="demo.RecordTest" name="checksumFailureConstructorTest" time="0"/>
  <testcase classname="demo.RecordTest" name="constructorTest" time="0"/>
  <testcase classname="demo.RecordTypeTest" name="codeFailureTest" time="0"/>
  <testcase classname="demo.RecordTypeTest" name="valuesTest" time="0"/>
  <testcase classname="demo.RowTest" name="constructorTest" time="0"/>
  <testcase classname="demo.RowTest" name="getUnsigned16BitTest" time="0"/>
  <testcase classname="demo.RowTest" name="getUnsigned8BitTest" time="0"/>
  <testcase classname="demo.RowTest" name="noColonConstructorTest" time="0"/>
  <testcase classname="demo.RowTest" name="oddCharsNumberConstructorTest" time="0"/>
  <testcase classname="demo.RowTest" name="wrongCharsConstructorTest" time="0"/>
</testsuite>